
SQL*Loader: Release 21.0.0.0.0 - Production on 火 1月 16 11:22:43 2024
Version 21.3.0.0.0

Copyright (c) 1982, 2021, Oracle and/or its affiliates.  All rights reserved.

制御ファイル:    Vタテ表補正_テスト用データ1.ctl
文字セットJA16SJISTILDEがすべての入力で指定されています。

データファイルVタテ表補正_テスト用データ1.ctl
  不良ファイル:  classmate.bad
  廃棄ファイル:  指定なし

 (すべて廃棄できます)

ロード数: ALL
スキップ数: 0
許容エラー数: 50
バインド配列:    250行、最大1048576バイト
継続文字:    指定なし
使用パス:      従来型

表"DAIDO"."Vタテ表補正_テスト用データ1"、 ロード済 すべての論理レコードから
この表に対する有効な挿入オプション: REPLACE
TRAILING NULLCOLSオプションは有効です。

   列名                  位置   長さ  用語暗号化データ型
------------------------------ ---------- ----- ---- ---- ---------------------
"TEN_BAN_3keta"                    FIRST    *  , O(")CHARACTER            
"KZYNB"                             NEXT    *  , O(")CHARACTER            
"ZTKU_HOSEI_KNGK"                   NEXT    *  , O(")CHARACTER            
"SPTT_KISYU_KNGK"                   NEXT    *  , O(")CHARACTER            
"TURKS_KOUIN_BNG"                   NEXT    *  , O(")CHARACTER            
"店名"                              NEXT    *  , O(")CHARACTER            
"日付"                              NEXT    *  , O(")CHARACTER            
"月中"                              NEXT    *  , O(")CHARACTER            
"期中"                              NEXT    *  , O(")CHARACTER            
"月"                                NEXT    *  , O(")CHARACTER            
"期"                                NEXT    *  , O(")CHARACTER            
"日時"                              NEXT    *  , O(")CHARACTER            
"区分"                              NEXT    *  , O(")CHARACTER            
"案件進捗管理"                      NEXT    *  , O(")CHARACTER            
"CIF"                               NEXT    *  , O(")CHARACTER            
"顧客名"                            NEXT    *  , O(")CHARACTER            
"案件種類詳細"                      NEXT    *  , O(")CHARACTER            
"ランク"                            NEXT    *  , O(")CHARACTER            
"集中実行期日"                      NEXT    *  , O(")CHARACTER            
"電子契約期日"                      NEXT    *  , O(")CHARACTER            

ROWSパラメータに使用される値が250から203に変更されました

表"DAIDO"."Vタテ表補正_テスト用データ1":
  92 行は正常にロードされました。
  0 行はデータ・エラーのためロードされませんでした。
  0 行は、すべてのWHEN句が失敗したためロードされませんでした。
  0 行はすべてのフィールドがNULLであったためロードされませんでした。


バインド配列に割り当てられた領域:  1047480バイト(203行)
読取りバッファのバイト数:  1048576

スキップされた論理レコードの合計:          0
読み込まれた論理レコードの合計:            92
拒否された論理レコードの合計:               0
廃棄された論理レコードの合計:        0

実行開始火 1月  16 11:22:43 2024
実行終了火 1月  16 11:22:48 2024

実行時間:        00: 00: 05.15
CPU時間 :        00: 00: 00.01
